<?xml version="1.0" encoding="UTF-8"?>
<!-- Generated by org.testng.reporters.JUnitReportReporter -->
<testsuite hostname="Renee" failures="0" tests="51" name="automationSuite.tests.TestSuite_Regression_Suite2" time="437.597" errors="0" timestamp="2024-03-31T10:55:37 IST" skipped="0">
  <testcase classname="automationSuite.tests.TestSuite_Regression_Suite2" name="TC31_AdvancedSearch_ProductDescription" time="9.470"/>
  <testcase classname="automationSuite.tests.TestSuite_Regression_Suite2" name="TC55_Register_InvalidEmail" time="6.894"/>
  <testcase classname="automationSuite.tests.TestSuite_Regression_Suite2" name="TC65_Register_OnlyConfirmPasswordMissing" time="7.931"/>
  <testcase classname="automationSuite.tests.TestSuite_Regression_Suite2" name="TC71_MainPage_SubscribeWithInvalidEmail" time="6.633"/>
  <testcase classname="automationSuite.tests.TestSuite_Regression_Suite2" name="TC57_Register_ConfirmpasswordMismatch" time="7.505"/>
  <testcase classname="automationSuite.tests.TestSuite_Regression_Suite2" name="TC80_User_CheckShoppingCartCountAfterAddingProduct" time="12.411"/>
  <testcase classname="automationSuite.tests.TestSuite_Regression_Suite2" name="TC49_LoginPage_LoginWithoutInput" time="7.899"/>
  <testcase classname="automationSuite.tests.TestSuite_Regression_Suite2" name="TC72_MainPage_SubscribeWithValidEmail" time="5.922"/>
  <testcase classname="automationSuite.tests.TestSuite_Regression_Suite2" name="TC53_Register_OnlyFirstName" time="7.129"/>
  <testcase classname="automationSuite.tests.TestSuite_Regression_Suite2" name="TC42_CheckRecentlyViewedProduct" time="8.794"/>
  <testcase classname="automationSuite.tests.TestSuite_Regression_Suite2" name="TC67_Register_OnlyLastnameMissing" time="7.611"/>
  <testcase classname="automationSuite.tests.TestSuite_Regression_Suite2" name="TC30_AdvancedSearch_Subcategory" time="8.761"/>
  <testcase classname="automationSuite.tests.TestSuite_Regression_Suite2" name="TC39_BlogTagsLink" time="7.969"/>
  <testcase classname="automationSuite.tests.TestSuite_Regression_Suite2" name="TC56_Register_InvalidPassword" time="7.539"/>
  <testcase classname="automationSuite.tests.TestSuite_Regression_Suite2" name="TC77_LoginPage_LogoutSuccessful" time="10.422"/>
  <testcase classname="automationSuite.tests.TestSuite_Regression_Suite2" name="TC24_Search_LessData" time="7.178"/>
  <testcase classname="automationSuite.tests.TestSuite_Regression_Suite2" name="TC40_BlogArchiveTags_Link" time="7.754"/>
  <testcase classname="automationSuite.tests.TestSuite_Regression_Suite2" name="TC60_Register_OnlyLastName" time="6.793"/>
  <testcase classname="automationSuite.tests.TestSuite_Regression_Suite2" name="TC46_LoginPage_ForgetPasswordWithoutEmail" time="7.716"/>
  <testcase classname="automationSuite.tests.TestSuite_Regression_Suite2" name="TC64_Register_OnlyPasswordsMissing" time="7.445"/>
  <testcase classname="automationSuite.tests.TestSuite_Regression_Suite2" name="TC59_Register_ValidEmailInvalidPassword" time="5.572"/>
  <testcase classname="automationSuite.tests.TestSuite_Regression_Suite2" name="TC66_Register_OnlyUserNameMissing" time="8.904"/>
  <testcase classname="automationSuite.tests.TestSuite_Regression_Suite2" name="TC34_AdvancedPrice_FromToPrice" time="8.808"/>
  <testcase classname="automationSuite.tests.TestSuite_Regression_Suite2" name="TC51_LoginPage_LoginUnregisteredEmail" time="8.157"/>
  <testcase classname="automationSuite.tests.TestSuite_Regression_Suite2" name="TC41_CheckIfABlogIsLoaded" time="16.179"/>
  <testcase classname="automationSuite.tests.TestSuite_Regression_Suite2" name="TC73_LoginPage_ForgetPasswordWithRegisteredEmail" time="9.153"/>
  <testcase classname="automationSuite.tests.TestSuite_Regression_Suite2" name="TC25_Search_WrongData" time="7.333"/>
  <testcase classname="automationSuite.tests.TestSuite_Regression_Suite2" name="TC52_Register_NoInput" time="7.235"/>
  <testcase classname="automationSuite.tests.TestSuite_Regression_Suite2" name="TC69_Register_CheckIfUserIsAbleToSelectGender" time="6.536"/>
  <testcase classname="automationSuite.tests.TestSuite_Regression_Suite2" name="TC23_Search_NoData" time="5.119"/>
  <testcase classname="automationSuite.tests.TestSuite_Regression_Suite2" name="TC47_LoginPage_ForgetPasswordWithInvalidEmail" time="11.654"/>
  <testcase classname="automationSuite.tests.TestSuite_Regression_Suite2" name="TC68_Register_WithAlreadyRegisteredUser" time="9.218"/>
  <testcase classname="automationSuite.tests.TestSuite_Regression_Suite2" name="TC32_AdvancedSearch_FromPrice" time="9.013"/>
  <testcase classname="automationSuite.tests.TestSuite_Regression_Suite2" name="TC61_Register_OnlyEmail" time="6.913"/>
  <testcase classname="automationSuite.tests.TestSuite_Regression_Suite2" name="TC81_User_NavigateFromGoToCart" time="13.779"/>
  <testcase classname="automationSuite.tests.TestSuite_Regression_Suite2" name="TC78_CartPageInvalidDiscountCode" time="13.724"/>
  <testcase classname="automationSuite.tests.TestSuite_Regression_Suite2" name="TC28_AdvancedSearch_WrongCatManufac" time="9.226"/>
  <testcase classname="automationSuite.tests.TestSuite_Regression_Suite2" name="TC54_Register_OnlyFirstNameAndLastName" time="6.931"/>
  <testcase classname="automationSuite.tests.TestSuite_Regression_Suite2" name="TC75_LoginPage_LoginSuccessful" time="9.630"/>
  <testcase classname="automationSuite.tests.TestSuite_Regression_Suite2" name="TC79_CartPageInvalidGiftCard" time="16.151"/>
  <testcase classname="automationSuite.tests.TestSuite_Regression_Suite2" name="TC26_Search_CorrectData" time="7.801"/>
  <testcase classname="automationSuite.tests.TestSuite_Regression_Suite2" name="TC27_AdvancedSearch_WrongCategory" time="8.676"/>
  <testcase classname="automationSuite.tests.TestSuite_Regression_Suite2" name="TC29_AdvancedSearch_AllData" time="8.595"/>
  <testcase classname="automationSuite.tests.TestSuite_Regression_Suite2" name="TC63_Register_OnlyEmailMissing" time="7.236"/>
  <testcase classname="automationSuite.tests.TestSuite_Regression_Suite2" name="TC58_Register_ConfirmpasswordLengthMismatch" time="6.868"/>
  <testcase classname="automationSuite.tests.TestSuite_Regression_Suite2" name="TC48_LoginPage_ForgetPasswordWithUnregisteredEmail" time="9.125"/>
  <testcase classname="automationSuite.tests.TestSuite_Regression_Suite2" name="TC33_AdvancedSearch_ToPrice" time="8.923"/>
  <testcase classname="automationSuite.tests.TestSuite_Regression_Suite2" name="TC74_LoginPage_RegisteredEmailBlankPassword" time="8.302"/>
  <testcase classname="automationSuite.tests.TestSuite_Regression_Suite2" name="TC76_LoginPage_LoginSuccessfulWithRememberMe" time="8.692"/>
  <testcase classname="automationSuite.tests.TestSuite_Regression_Suite2" name="TC50_LoginPage_LoginInvalidEmail" time="6.899"/>
  <testcase classname="automationSuite.tests.TestSuite_Regression_Suite2" name="TC62_Register_OnlyEmailAndPassword" time="7.469"/>
</testsuite> <!-- automationSuite.tests.TestSuite_Regression_Suite2 -->
