<?xml version="1.0" encoding="UTF-8"?>
<!-- Generated by org.testng.reporters.JUnitReportReporter -->
<testsuite hostname="Renee" failures="0" tests="2" name="automationSuite.tests.TestSuite_Regression_Part1" time="14.448" errors="0" timestamp="2024-02-27T00:45:53 IST" skipped="0">
  <testcase classname="automationSuite.tests.TestSuite_Regression_Part1" name="TC15_CheckIfWishlistQuantityIsDisplayed" time="7.543"/>
  <testcase classname="automationSuite.tests.TestSuite_Regression_Part1" name="TC16_CheckPopulatTagLink" time="6.905"/>
</testsuite> <!-- automationSuite.tests.TestSuite_Regression_Part1 -->
