<?xml version="1.0" encoding="UTF-8"?>
<!-- Generated by org.testng.reporters.JUnitReportReporter -->
<testsuite hostname="Renee" failures="0" tests="4" name="automationSuite.tests.TestSuite_SmokeTesting" time="25.365" errors="0" timestamp="2024-02-22T01:04:56 IST" skipped="0">
  <testcase classname="automationSuite.tests.TestSuite_SmokeTesting" name="TC13_CheckIfPopularTagIsDisplayed" time="6.481"/>
  <testcase classname="automationSuite.tests.TestSuite_SmokeTesting" name="TC12_CheckIfManufacturerIsDisplayed" time="6.697"/>
  <testcase classname="automationSuite.tests.TestSuite_SmokeTesting" name="TC14_CheckIfCartQuantityIsDisplayed" time="6.124"/>
  <testcase classname="automationSuite.tests.TestSuite_SmokeTesting" name="TC15_CheckIfWishlistQuantityIsDisplayed" time="6.063"/>
</testsuite> <!-- automationSuite.tests.TestSuite_SmokeTesting -->
