<?xml version="1.0" encoding="UTF-8"?>
<!-- Generated by org.testng.reporters.JUnitReportReporter -->
<testsuite hostname="Renee" failures="0" tests="30" name="automationSuite.tests.TestSuite_Regression_Suite1" time="230.812" errors="0" timestamp="2024-03-31T10:55:37 IST" skipped="0">
  <testcase classname="automationSuite.tests.TestSuite_Regression_Suite1" name="TC38_BlogLink" time="8.307"/>
  <testcase classname="automationSuite.tests.TestSuite_Regression_Suite1" name="TC12_CheckIfManufacturerIsDisplayed" time="5.280"/>
  <testcase classname="automationSuite.tests.TestSuite_Regression_Suite1" name="TC36_CompareProductsList" time="6.764"/>
  <testcase classname="automationSuite.tests.TestSuite_Regression_Suite1" name="TC15_CheckIfWishlistQuantityIsDisplayed" time="5.772"/>
  <testcase classname="automationSuite.tests.TestSuite_Regression_Suite1" name="TC70_MainPage_SubscribeIsDisplayed" time="5.077"/>
  <testcase classname="automationSuite.tests.TestSuite_Regression_Suite1" name="TC02_CheckIfLoginPageIsRunning" time="9.191"/>
  <testcase classname="automationSuite.tests.TestSuite_Regression_Suite1" name="TC01_CheckIfSiteIsRunning" time="9.061"/>
  <testcase classname="automationSuite.tests.TestSuite_Regression_Suite1" name="TC03_CheckIfRegisterPageIsRunning" time="9.537"/>
  <testcase classname="automationSuite.tests.TestSuite_Regression_Suite1" name="TC45_LoginPage_CheckIfForgerPasswordLinkIsWorking" time="8.494"/>
  <testcase classname="automationSuite.tests.TestSuite_Regression_Suite1" name="TC07_CheckIfShippingReturnsPageIsRunning" time="21.590"/>
  <testcase classname="automationSuite.tests.TestSuite_Regression_Suite1" name="TC08_CheckIfFeatureProductsAreDisplayed" time="5.492"/>
  <testcase classname="automationSuite.tests.TestSuite_Regression_Suite1" name="TC22_NavigatetoHomePage" time="8.197"/>
  <testcase classname="automationSuite.tests.TestSuite_Regression_Suite1" name="TC13_CheckIfPopularTagIsDisplayed" time="5.427"/>
  <testcase classname="automationSuite.tests.TestSuite_Regression_Suite1" name="TC09_CheckIfCommunityPollIsDisplayed" time="5.177"/>
  <testcase classname="automationSuite.tests.TestSuite_Regression_Suite1" name="TC11_CheckIfCategoryIsDisplayed" time="5.293"/>
  <testcase classname="automationSuite.tests.TestSuite_Regression_Suite1" name="TC16_CheckPopulatTagLink" time="7.537"/>
  <testcase classname="automationSuite.tests.TestSuite_Regression_Suite1" name="TC35_NewProductLink" time="7.468"/>
  <testcase classname="automationSuite.tests.TestSuite_Regression_Suite1" name="TC19_CheckSubCategoryLink" time="8.810"/>
  <testcase classname="automationSuite.tests.TestSuite_Regression_Suite1" name="TC06_CheckIfContactUsPageIsRunning" time="6.633"/>
  <testcase classname="automationSuite.tests.TestSuite_Regression_Suite1" name="TC37_NewsLink" time="7.067"/>
  <testcase classname="automationSuite.tests.TestSuite_Regression_Suite1" name="TC10_CheckIfNewsletterIsDisplayed" time="6.687"/>
  <testcase classname="automationSuite.tests.TestSuite_Regression_Suite1" name="TC17_CheckPopularTagViewAll" time="8.969"/>
  <testcase classname="automationSuite.tests.TestSuite_Regression_Suite1" name="TC20_CheckCategoryLink_InHeader" time="6.736"/>
  <testcase classname="automationSuite.tests.TestSuite_Regression_Suite1" name="TC04_CheckIfShoppingCartPageIsRunning" time="7.079"/>
  <testcase classname="automationSuite.tests.TestSuite_Regression_Suite1" name="TC43_CheckRecentlyViewedProductLink" time="6.393"/>
  <testcase classname="automationSuite.tests.TestSuite_Regression_Suite1" name="TC14_CheckIfCartQuantityIsDisplayed" time="5.111"/>
  <testcase classname="automationSuite.tests.TestSuite_Regression_Suite1" name="TC44_CheckIfUserCanNavigateToYoutubeLink" time="12.857"/>
  <testcase classname="automationSuite.tests.TestSuite_Regression_Suite1" name="TC05_CheckIfWishlistPageIsRunning" time="6.465"/>
  <testcase classname="automationSuite.tests.TestSuite_Regression_Suite1" name="TC21_CheckSubCategoryLink_InHeader" time="7.443"/>
  <testcase classname="automationSuite.tests.TestSuite_Regression_Suite1" name="TC18_CheckCategoryLink" time="6.898"/>
</testsuite> <!-- automationSuite.tests.TestSuite_Regression_Suite1 -->
